Using pre-set license
Built from 'master' branch; Version is '2020.3.36f1 (71f96b79b9f0) revision 7469419'; Using compiler version '192528614'; Build Type 'Release'
OS: 'Windows 10  (10.0.19044) 64bit Core' Language: 'en' Physical Memory: 16276 MB
BatchMode: 1, IsHumanControllingUs: 0, StartBugReporterOnCrash: 0, Is64bit: 1, IsPro: 0

COMMAND LINE ARGUMENTS:
D:\2020.3.36f1\Editor\Unity.exe
-adb2
-batchMode
-noUpm
-name
AssetImportWorker0
-projectPath
E:/C Drive storage/Downloads/Downloads/SISO New/Unity Projects/SISO-CA2
-logFile
Logs/AssetImportWorker0.log
-srvPort
60795
Successfully changed project path to: E:/C Drive storage/Downloads/Downloads/SISO New/Unity Projects/SISO-CA2
E:/C Drive storage/Downloads/Downloads/SISO New/Unity Projects/SISO-CA2
Using Asset Import Pipeline V2.
Refreshing native plugins compatible for Editor in 57.94 ms, found 4 plugins.
Preloading 1 native plugins for Editor in 17.43 ms.
Initialize engine version: 2020.3.36f1 (71f96b79b9f0)
[Subsystems] Discovering subsystems at path D:/2020.3.36f1/Editor/Data/Resources/UnitySubsystems
[Subsystems] Discovering subsystems at path E:/C Drive storage/Downloads/Downloads/SISO New/Unity Projects/SISO-CA2/Assets
GfxDevice: creating device client; threaded=0
Direct3D:
    Version:  Direct3D 11.0 [level 11.1]
    Renderer: NVIDIA GeForce GTX 1050 Ti (ID=0x1c8c)
    Vendor:   
    VRAM:     4021 MB
    Driver:   30.0.14.9613
Initialize mono
Mono path[0] = 'D:/2020.3.36f1/Editor/Data/Managed'
Mono path[1] = 'D:/2020.3.36f1/Editor/Data/MonoBleedingEdge/lib/mono/unityjit'
Mono config path = 'D:/2020.3.36f1/Editor/Data/MonoBleedingEdge/etc'
Using monoOptions --debugger-agent=transport=dt_socket,embedding=1,server=y,suspend=n,address=127.0.0.1:56556
Begin MonoManager ReloadAssembly
Registering precompiled unity dll's ...
Register platform support module: D:/2020.3.36f1/Editor/Data/PlaybackEngines/WindowsStandaloneSupport/UnityEditor.WindowsStandalone.Extensions.dll
Registered in 0.001544 seconds.
Native extension for WindowsStandalone target not found
Refreshing native plugins compatible for Editor in 46.96 ms, found 4 plugins.
Preloading 1 native plugins for Editor in 0.06 ms.
Mono: successfully reloaded assembly
- Completed reload, in  0.691 seconds
Domain Reload Profiling:
	ReloadAssembly (691ms)
		BeginReloadAssembly (99ms)
			ExecutionOrderSort (0ms)
			DisableScriptedObjects (0ms)
			BackupInstance (0ms)
			ReleaseScriptingObjects (0ms)
			CreateAndSetChildDomain (1ms)
		EndReloadAssembly (506ms)
			LoadAssemblies (99ms)
			RebuildTransferFunctionScriptingTraits (0ms)
			SetupTypeCache (166ms)
			ReleaseScriptCaches (0ms)
			RebuildScriptCaches (34ms)
			SetupLoadedEditorAssemblies (187ms)
				LogAssemblyErrors (0ms)
				InitializePlatformSupportModulesInManaged (6ms)
				SetLoadedEditorAssemblies (0ms)
				RefreshPlugins (47ms)
				BeforeProcessingInitializeOnLoad (11ms)
				ProcessInitializeOnLoadAttributes (92ms)
				ProcessInitializeOnLoadMethodAttributes (31ms)
				AfterProcessingInitializeOnLoad (0ms)
				EditorAssembliesLoaded (0ms)
			ExecutionOrderSort2 (0ms)
			AwakeInstancesAfterBackupRestoration (0ms)
Platform modules already initialized, skipping
Registering precompiled user dll's ...
Registered in 0.002499 seconds.
Begin MonoManager ReloadAssembly
Native extension for WindowsStandalone target not found
Refreshing native plugins compatible for Editor in 45.85 ms, found 4 plugins.
Preloading 1 native plugins for Editor in 0.06 ms.
[XR] OculusXRPlugin: registering subsystems
[XR] Unable to register display lifecyle provider: [1]
[XR] Oculus Input lifecycle provider registered.
[XR] Unable to register input lifecyle provider: [1]
System.Reflection.TargetInvocationException: Exception has been thrown by the target of an invocation. ---> System.NullReferenceException: Object reference not set to an instance of an object
  at Unity.XR.Oculus.OculusLoader.AssetPathToAbsolutePath (System.String assetPath) [0x00048] in E:\C Drive storage\Downloads\Downloads\SISO New\Unity Projects\SISO-CA2\Library\PackageCache\com.unity.xr.oculus@1.12.0\Runtime\OculusLoader.cs:251 
  at Unity.XR.Oculus.OculusLoader.EditorLoadOVRPlugin () [0x0007b] in E:\C Drive storage\Downloads\Downloads\SISO New\Unity Projects\SISO-CA2\Library\PackageCache\com.unity.xr.oculus@1.12.0\Runtime\OculusLoader.cs:236 
  at (wrapper managed-to-native) System.Reflection.MonoMethod.InternalInvoke(System.Reflection.MonoMethod,object,object[],System.Exception&)
  at System.Reflection.MonoMethod.Invoke (System.Object obj, System.Reflection.BindingFlags invokeAttr, System.Reflection.Binder binder, System.Object[] parameters, System.Globalization.CultureInfo culture) [0x00032] in <695d1cc93cca45069c528c15c9fdd749>:0 
   --- End of inner exception stack trace ---
  at System.Reflection.MonoMethod.Invoke (System.Object obj, System.Reflection.BindingFlags invokeAttr, System.Reflection.Binder binder, System.Object[] parameters, System.Globalization.CultureInfo culture) [0x00048] in <695d1cc93cca45069c528c15c9fdd749>:0 
  at System.Reflection.MethodBase.Invoke (System.Object obj, System.Object[] parameters) [0x00000] in <695d1cc93cca45069c528c15c9fdd749>:0 
  at UnityEditor.EditorAssemblies.ProcessInitializeOnLoadMethodAttributes () [0x00047] in <786b546700bc48b68852821de5e46ca9>:0 
UnityEngine.StackTraceUtility:ExtractStackTrace ()
UnityEngine.DebugLogHandler:LogFormat (UnityEngine.LogType,UnityEngine.Object,string,object[])
UnityEngine.Logger:Log (UnityEngine.LogType,object)
UnityEngine.Debug:LogError (object)
UnityEditor.EditorAssemblies:ProcessInitializeOnLoadMethodAttributes ()

Mono: successfully reloaded assembly
- Completed reload, in  1.081 seconds
Domain Reload Profiling:
	ReloadAssembly (1082ms)
		BeginReloadAssembly (211ms)
			ExecutionOrderSort (0ms)
			DisableScriptedObjects (6ms)
			BackupInstance (0ms)
			ReleaseScriptingObjects (0ms)
			CreateAndSetChildDomain (22ms)
		EndReloadAssembly (808ms)
			LoadAssemblies (133ms)
			RebuildTransferFunctionScriptingTraits (0ms)
			SetupTypeCache (205ms)
			ReleaseScriptCaches (0ms)
			RebuildScriptCaches (54ms)
			SetupLoadedEditorAssemblies (324ms)
				LogAssemblyErrors (0ms)
				InitializePlatformSupportModulesInManaged (4ms)
				SetLoadedEditorAssemblies (0ms)
				RefreshPlugins (46ms)
				BeforeProcessingInitializeOnLoad (71ms)
				ProcessInitializeOnLoadAttributes (155ms)
				ProcessInitializeOnLoadMethodAttributes (45ms)
				AfterProcessingInitializeOnLoad (3ms)
				EditorAssembliesLoaded (0ms)
			ExecutionOrderSort2 (0ms)
			AwakeInstancesAfterBackupRestoration (1ms)
Platform modules already initialized, skipping
========================================================================
Worker process is ready to serve import requests
Launched and connected shader compiler UnityShaderCompiler.exe after 0.13 seconds
Refreshing native plugins compatible for Editor in 0.47 ms, found 4 plugins.
Preloading 1 native plugins for Editor in 0.08 ms.
Unloading 1629 Unused Serialized files (Serialized files now loaded: 0)
System memory in use before: 83.3 MB.
System memory in use after: 83.3 MB.

Unloading 15 unused Assets to reduce memory usage. Loaded Objects now: 2078.
Total: 3.191700 ms (FindLiveObjects: 0.231600 ms CreateObjectMapping: 0.106700 ms MarkObjects: 2.746200 ms  DeleteObjects: 0.105800 ms)

AssetImportParameters requested are different than current active one (requested -> active):
  custom:framework-win-MediaFoundation: 216162199b28c13a410421893ffa2e32 -> 
  custom:video-decoder-ogg-theora: a1e56fd34408186e4bbccfd4996cb3dc -> 
  custom:container-muxer-webm: aa71ff27fc2769a1b78a27578f13a17b -> 
  custom:container-demuxer-webm: 4f35f7cbe854078d1ac9338744f61a02 -> 
  custom:container-demuxer-ogg: 62fdf1f143b41e24485cea50d1cbac27 -> 
  custom:video-encoder-webm-vp8: eb34c28f22e8b96e1ab97ce403110664 -> 
  custom:video-codec-MediaFoundation-h265: 746d11721c4dcdbdad8f713fa42b33f4 -> 
  custom:video-decoder-webm-vp8: 9c59270c3fd7afecdb556c50c9e8de78 -> 
  custom:audio-decoder-ogg-vorbis: bf7c407c2cedff20999df2af8eb42d56 -> 
  custom:audio-encoder-webm-vorbis: bf7c407c2cedff20999df2af8eb42d56 -> 
========================================================================
Received Import Request.
  path: Assets/Low Poly Cyber Ninja Sword
  artifactKey: Guid(e159d3863fdfad04384b2d36393c2996) Importer(815301076,1909f56bfc062723c751e8b465ee728b)
Start importing Assets/Low Poly Cyber Ninja Sword using Guid(e159d3863fdfad04384b2d36393c2996) Importer(815301076,1909f56bfc062723c751e8b465ee728b)  -> (artifact id: '74a748d153a957c8b2564299b0f632d9') in 0.015037 seconds 
========================================================================
Received Import Request.
  Time since last request: 85032.800557 seconds.
  path: Assets
  artifactKey: Guid(00000000000000001000000000000000) Importer(815301076,1909f56bfc062723c751e8b465ee728b)
Start importing Assets using Guid(00000000000000001000000000000000) Importer(815301076,1909f56bfc062723c751e8b465ee728b)  -> (artifact id: '42d402b061de3733987d63b9cc3b64de') in 0.104625 seconds 
========================================================================
Received Import Request.
  Time since last request: 0.194004 seconds.
  path: Assets/_MyProject
  artifactKey: Guid(55e97dcdd0932d0498bd9767c7719670) Importer(815301076,1909f56bfc062723c751e8b465ee728b)
Start importing Assets/_MyProject using Guid(55e97dcdd0932d0498bd9767c7719670) Importer(815301076,1909f56bfc062723c751e8b465ee728b)  -> (artifact id: '8e231529446b849633328c7ebccc2505') in 0.013929 seconds 
========================================================================
Received Import Request.
  Time since last request: 3.573594 seconds.
  path: Assets/_MyProject/Scenes
  artifactKey: Guid(2877c0a9b24af3947acb1c3e3366569b) Importer(815301076,1909f56bfc062723c751e8b465ee728b)
Start importing Assets/_MyProject/Scenes using Guid(2877c0a9b24af3947acb1c3e3366569b) Importer(815301076,1909f56bfc062723c751e8b465ee728b)  -> (artifact id: 'a85ab793769300412baf1258d000d6d8') in 0.014090 seconds 
========================================================================
Received Import Request.
  Time since last request: 7.189741 seconds.
  path: Assets/_MyProject/cloud.png
  artifactKey: Guid(f3f551dc0f30c1c4c800169e94e75ff0) Importer(815301076,1909f56bfc062723c751e8b465ee728b)
Start importing Assets/_MyProject/cloud.png using Guid(f3f551dc0f30c1c4c800169e94e75ff0) Importer(815301076,1909f56bfc062723c751e8b465ee728b)  -> (artifact id: '6014e0efe51afc86b36ba1cf644a41cc') in 0.435481 seconds 
========================================================================
Received Import Request.
  Time since last request: 8.166229 seconds.
  path: Assets/_MyProject/pngs
  artifactKey: Guid(24032c568d7db884cb63bd54e480134b) Importer(815301076,1909f56bfc062723c751e8b465ee728b)
Start importing Assets/_MyProject/pngs using Guid(24032c568d7db884cb63bd54e480134b) Importer(815301076,1909f56bfc062723c751e8b465ee728b)  -> (artifact id: '9961b82b33bd0f7b5cd36a5ebfee22de') in 0.015349 seconds 
========================================================================
Received Import Request.
  Time since last request: 81.149091 seconds.
  path: Assets/_MyProject/Materials
  artifactKey: Guid(e7d531d4ee288e4449e7c9d469847cb2) Importer(815301076,1909f56bfc062723c751e8b465ee728b)
Start importing Assets/_MyProject/Materials using Guid(e7d531d4ee288e4449e7c9d469847cb2) Importer(815301076,1909f56bfc062723c751e8b465ee728b)  -> (artifact id: 'cbf04f8fc0f98424098dd18e351e6298') in 0.014299 seconds 
========================================================================
Received Prepare
Registering precompiled user dll's ...
Registered in 0.074420 seconds.
Begin MonoManager ReloadAssembly
Native extension for WindowsStandalone target not found
Refreshing native plugins compatible for Editor in 0.59 ms, found 4 plugins.
Preloading 1 native plugins for Editor in 0.18 ms.
System.Reflection.TargetInvocationException: Exception has been thrown by the target of an invocation. ---> System.NullReferenceException: Object reference not set to an instance of an object
  at Unity.XR.Oculus.OculusLoader.AssetPathToAbsolutePath (System.String assetPath) [0x00048] in E:\C Drive storage\Downloads\Downloads\SISO New\Unity Projects\SISO-CA2\Library\PackageCache\com.unity.xr.oculus@1.12.0\Runtime\OculusLoader.cs:251 
  at Unity.XR.Oculus.OculusLoader.EditorLoadOVRPlugin () [0x0007b] in E:\C Drive storage\Downloads\Downloads\SISO New\Unity Projects\SISO-CA2\Library\PackageCache\com.unity.xr.oculus@1.12.0\Runtime\OculusLoader.cs:236 
  at (wrapper managed-to-native) System.Reflection.MonoMethod.InternalInvoke(System.Reflection.MonoMethod,object,object[],System.Exception&)
  at System.Reflection.MonoMethod.Invoke (System.Object obj, System.Reflection.BindingFlags invokeAttr, System.Reflection.Binder binder, System.Object[] parameters, System.Globalization.CultureInfo culture) [0x00032] in <695d1cc93cca45069c528c15c9fdd749>:0 
   --- End of inner exception stack trace ---
  at System.Reflection.MonoMethod.Invoke (System.Object obj, System.Reflection.BindingFlags invokeAttr, System.Reflection.Binder binder, System.Object[] parameters, System.Globalization.CultureInfo culture) [0x00048] in <695d1cc93cca45069c528c15c9fdd749>:0 
  at System.Reflection.MethodBase.Invoke (System.Object obj, System.Object[] parameters) [0x00000] in <695d1cc93cca45069c528c15c9fdd749>:0 
  at UnityEditor.EditorAssemblies.ProcessInitializeOnLoadMethodAttributes () [0x00047] in <786b546700bc48b68852821de5e46ca9>:0 
UnityEngine.StackTraceUtility:ExtractStackTrace ()
UnityEngine.DebugLogHandler:LogFormat (UnityEngine.LogType,UnityEngine.Object,string,object[])
UnityEngine.Logger:Log (UnityEngine.LogType,object)
UnityEngine.Debug:LogError (object)
UnityEditor.EditorAssemblies:ProcessInitializeOnLoadMethodAttributes ()

Mono: successfully reloaded assembly
- Completed reload, in  1.772 seconds
Domain Reload Profiling:
	ReloadAssembly (1774ms)
		BeginReloadAssembly (385ms)
			ExecutionOrderSort (0ms)
			DisableScriptedObjects (11ms)
			BackupInstance (0ms)
			ReleaseScriptingObjects (0ms)
			CreateAndSetChildDomain (118ms)
		EndReloadAssembly (1272ms)
			LoadAssemblies (231ms)
			RebuildTransferFunctionScriptingTraits (1ms)
			SetupTypeCache (311ms)
			ReleaseScriptCaches (1ms)
			RebuildScriptCaches (49ms)
			SetupLoadedEditorAssemblies (609ms)
				LogAssemblyErrors (0ms)
				InitializePlatformSupportModulesInManaged (6ms)
				SetLoadedEditorAssemblies (1ms)
				RefreshPlugins (1ms)
				BeforeProcessingInitializeOnLoad (103ms)
				ProcessInitializeOnLoadAttributes (234ms)
				ProcessInitializeOnLoadMethodAttributes (236ms)
				AfterProcessingInitializeOnLoad (28ms)
				EditorAssembliesLoaded (0ms)
			ExecutionOrderSort2 (0ms)
			AwakeInstancesAfterBackupRestoration (2ms)
Platform modules already initialized, skipping
Refreshing native plugins compatible for Editor in 0.69 ms, found 4 plugins.
Preloading 1 native plugins for Editor in 0.17 ms.
Unloading 1583 Unused Serialized files (Serialized files now loaded: 0)
System memory in use before: 80.6 MB.
System memory in use after: 80.6 MB.

Unloading 8 unused Assets to reduce memory usage. Loaded Objects now: 2084.
Total: 4.149900 ms (FindLiveObjects: 0.331300 ms CreateObjectMapping: 0.106800 ms MarkObjects: 3.630200 ms  DeleteObjects: 0.080000 ms)

AssetImportParameters requested are different than current active one (requested -> active):
  custom:framework-win-MediaFoundation: 216162199b28c13a410421893ffa2e32 -> 
  custom:video-decoder-ogg-theora: a1e56fd34408186e4bbccfd4996cb3dc -> 
  custom:container-muxer-webm: aa71ff27fc2769a1b78a27578f13a17b -> 
  custom:container-demuxer-webm: 4f35f7cbe854078d1ac9338744f61a02 -> 
  custom:container-demuxer-ogg: 62fdf1f143b41e24485cea50d1cbac27 -> 
  custom:video-encoder-webm-vp8: eb34c28f22e8b96e1ab97ce403110664 -> 
  custom:video-codec-MediaFoundation-h265: 746d11721c4dcdbdad8f713fa42b33f4 -> 
  custom:video-decoder-webm-vp8: 9c59270c3fd7afecdb556c50c9e8de78 -> 
  custom:audio-decoder-ogg-vorbis: bf7c407c2cedff20999df2af8eb42d56 -> 
  custom:audio-encoder-webm-vorbis: bf7c407c2cedff20999df2af8eb42d56 -> 
========================================================================
Received Import Request.
  Time since last request: 2869.321172 seconds.
  path: Assets/_MyProject/Materials/Clouds01.mat
  artifactKey: Guid(30ab7414f607f1b49ab9d962eecd2303) Importer(815301076,1909f56bfc062723c751e8b465ee728b)
Start importing Assets/_MyProject/Materials/Clouds01.mat using Guid(30ab7414f607f1b49ab9d962eecd2303) Importer(815301076,1909f56bfc062723c751e8b465ee728b)  -> (artifact id: '90bdc2886f4d70461fd951d7a64fd18c') in 0.313397 seconds 
========================================================================
Received Import Request.
  Time since last request: 3828.370028 seconds.
  path: ProjectSettings/TagManager.asset
  artifactKey: Guid(00000000000000003000000000000000) Importer(815301076,1909f56bfc062723c751e8b465ee728b)
Start importing ProjectSettings/TagManager.asset using Guid(00000000000000003000000000000000) Importer(815301076,1909f56bfc062723c751e8b465ee728b)  -> (artifact id: '543e4249544b98a159a4f6188695fa53') in 0.052992 seconds 
========================================================================
Received Import Request.
  Time since last request: 1227.002768 seconds.
  path: Assets/Samples
  artifactKey: Guid(6ada9e99d62ff024fb48a9d07a03618a) Importer(815301076,1909f56bfc062723c751e8b465ee728b)
Start importing Assets/Samples using Guid(6ada9e99d62ff024fb48a9d07a03618a) Importer(815301076,1909f56bfc062723c751e8b465ee728b)  -> (artifact id: '779ef740e65c6118a69ab4ac28f167c1') in 0.016263 seconds 
========================================================================
Received Import Request.
  Time since last request: 22.061560 seconds.
  path: Assets/EffectExamples/Water Effects/Materials
  artifactKey: Guid(d9f3e593c12fb5149a16dd83cfb93bd0) Importer(815301076,1909f56bfc062723c751e8b465ee728b)
Start importing Assets/EffectExamples/Water Effects/Materials using Guid(d9f3e593c12fb5149a16dd83cfb93bd0) Importer(815301076,1909f56bfc062723c751e8b465ee728b)  -> (artifact id: '06c742c49a8693093aa4be723880ef71') in 0.017644 seconds 
========================================================================
Received Import Request.
  Time since last request: 2.009145 seconds.
  path: Assets/EffectExamples
  artifactKey: Guid(489affd8e5e5c594f9ea418135f45047) Importer(815301076,1909f56bfc062723c751e8b465ee728b)
Start importing Assets/EffectExamples using Guid(489affd8e5e5c594f9ea418135f45047) Importer(815301076,1909f56bfc062723c751e8b465ee728b)  -> (artifact id: '6dbf7d5b84a5713b97361d4d79fd52c5') in 0.015479 seconds 
========================================================================
Received Import Request.
  Time since last request: 2.849704 seconds.
  path: Assets/EffectExamples/Water Effects/Textures/RippleAlbedo.png
  artifactKey: Guid(8ed4f18f263651d4b865df353c6c8fa8) Importer(815301076,1909f56bfc062723c751e8b465ee728b)
Start importing Assets/EffectExamples/Water Effects/Textures/RippleAlbedo.png using Guid(8ed4f18f263651d4b865df353c6c8fa8) Importer(815301076,1909f56bfc062723c751e8b465ee728b)  -> (artifact id: '87819cb1aca40458e69e2a3291055e14') in 0.221111 seconds 
========================================================================
Received Import Request.
  Time since last request: 0.869037 seconds.
  path: Assets/EffectExamples/Water Effects/Textures/RippleNormal.tif
  artifactKey: Guid(b31676a3103837945920ebc3cff4e14e) Importer(815301076,1909f56bfc062723c751e8b465ee728b)
Start importing Assets/EffectExamples/Water Effects/Textures/RippleNormal.tif using Guid(b31676a3103837945920ebc3cff4e14e) Importer(815301076,1909f56bfc062723c751e8b465ee728b)  -> (artifact id: '2e186e9cf6f3402a03230d965516bf23') in 0.073363 seconds 
========================================================================
Received Import Request.
  Time since last request: 220.033705 seconds.
  path: Assets/EffectExamples/Water Effects/Materials/WaterRipple.mat
  artifactKey: Guid(0f53c9d8ad82e7e42acd9cd32b6a1da1) Importer(815301076,1909f56bfc062723c751e8b465ee728b)
Start importing Assets/EffectExamples/Water Effects/Materials/WaterRipple.mat using Guid(0f53c9d8ad82e7e42acd9cd32b6a1da1) Importer(815301076,1909f56bfc062723c751e8b465ee728b)  -> (artifact id: '2410d66ea93c468b0365393958c15b97') in 0.545543 seconds 
========================================================================
Received Import Request.
  Time since last request: 646.691349 seconds.
  path: Assets/EffectExamples/Water Effects/Textures
  artifactKey: Guid(e9c32fe63cc0ae346a750843903cddce) Importer(815301076,1909f56bfc062723c751e8b465ee728b)
Start importing Assets/EffectExamples/Water Effects/Textures using Guid(e9c32fe63cc0ae346a750843903cddce) Importer(815301076,1909f56bfc062723c751e8b465ee728b)  -> (artifact id: '173228a93f3b759dddb590c01865e1d0') in 0.025689 seconds 
========================================================================
Received Import Request.
  Time since last request: 4.680461 seconds.
  path: Assets/EffectExamples/Water Effects
  artifactKey: Guid(9431e9d34794f5e40aed18b5704edd5a) Importer(815301076,1909f56bfc062723c751e8b465ee728b)
Start importing Assets/EffectExamples/Water Effects using Guid(9431e9d34794f5e40aed18b5704edd5a) Importer(815301076,1909f56bfc062723c751e8b465ee728b)  -> (artifact id: '594d05877f8c039d2ecd135d136c5eee') in 0.014864 seconds 
AssetImportWorkerClient::OnTransportError - code=2 error=End of file
